<?xml version="1.0" encoding="UTF-8" ?>
<testsuite tests="15" failures="3" name="TestSuite" time="4.196" errors="0" skipped="12">
  <properties>
[...]
</properties>
  <testcase classname="com.atcost.Testcase.Question1Test" name="first" time="4.153">
    <failure message="The path to the driver executable must be set by the webdriver.chrome.driver system property; for more information, see https://github.com/SeleniumHQ/selenium/wiki/ChromeDriver. The latest version can be downloaded from http://chromedriver.storage.googleapis.com/index.html" type="java.lang.IllegalStateException">java.lang.IllegalStateException: The path to the driver executable must be set by the webdriver.chrome.driver system property; for more information, see https://github.com/SeleniumHQ/selenium/wiki/ChromeDriver. The latest version can be downloaded from http://chromedriver.storage.googleapis.com/index.html
	at com.google.common.base.Preconditions.checkState(Preconditions.java:847)
	at org.openqa.selenium.remote.service.DriverService.findExecutable(DriverService.java:134)
	at org.openqa.selenium.chrome.ChromeDriverService.access$000(ChromeDriverService.java:35)
	at org.openqa.selenium.chrome.ChromeDriverService$Builder.findDefaultExecutable(ChromeDriverService.java:159)
	at org.openqa.selenium.remote.service.DriverService$Builder.build(DriverService.java:355)
	at org.openqa.selenium.chrome.ChromeDriverService.createDefaultService(ChromeDriverService.java:94)
	at org.openqa.selenium.chrome.ChromeDriver.&lt;init&gt;(ChromeDriver.java:123)
	at com.atcost.Base.BaseTest.inbokebrowser(BaseTest.java:38)
	at com.atcost.Testcase.Question1Test.first(Question1Test.java:19)
</failure>
    <system-out>Configuring TestNG with: org.apache.maven.surefire.testng.conf.TestNG652Configurator@7a92922
</system-out>
  </testcase>
  <testcase classname="com.atcost.Testcase.Question1Test" name="verifySigninlink" time="0">
    <skipped/>
  </testcase>
  <testcase classname="com.atcost.Testcase.Question1Test" name="close" time="0.001">
    <skipped/>
  </testcase>
  <testcase classname="com.atcost.Testcase.Question2Test" name="first" time="0.018">
    <failure message="The path to the driver executable must be set by the webdriver.chrome.driver system property; for more information, see https://github.com/SeleniumHQ/selenium/wiki/ChromeDriver. The latest version can be downloaded from http://chromedriver.storage.googleapis.com/index.html" type="java.lang.IllegalStateException">java.lang.IllegalStateException: The path to the driver executable must be set by the webdriver.chrome.driver system property; for more information, see https://github.com/SeleniumHQ/selenium/wiki/ChromeDriver. The latest version can be downloaded from http://chromedriver.storage.googleapis.com/index.html
	at com.google.common.base.Preconditions.checkState(Preconditions.java:847)
	at org.openqa.selenium.remote.service.DriverService.findExecutable(DriverService.java:134)
	at org.openqa.selenium.chrome.ChromeDriverService.access$000(ChromeDriverService.java:35)
	at org.openqa.selenium.chrome.ChromeDriverService$Builder.findDefaultExecutable(ChromeDriverService.java:159)
	at org.openqa.selenium.remote.service.DriverService$Builder.build(DriverService.java:355)
	at org.openqa.selenium.chrome.ChromeDriverService.createDefaultService(ChromeDriverService.java:94)
	at org.openqa.selenium.chrome.ChromeDriver.&lt;init&gt;(ChromeDriver.java:123)
	at com.atcost.Base.BaseTest.inbokebrowser(BaseTest.java:38)
	at com.atcost.Testcase.Question2Test.first(Question2Test.java:19)
</failure>
  </testcase>
  <testcase classname="com.atcost.Testcase.Question2Test" name="verifyiteminchart" time="0">
    <skipped/>
  </testcase>
  <testcase classname="com.atcost.Testcase.Question2Test" name="close" time="0.001">
    <skipped/>
  </testcase>
  <testcase classname="com.atcost.Testcase.QuestionTest" name="first" time="0.016">
    <failure message="The path to the driver executable must be set by the webdriver.chrome.driver system property; for more information, see https://github.com/SeleniumHQ/selenium/wiki/ChromeDriver. The latest version can be downloaded from http://chromedriver.storage.googleapis.com/index.html" type="java.lang.IllegalStateException">java.lang.IllegalStateException: The path to the driver executable must be set by the webdriver.chrome.driver system property; for more information, see https://github.com/SeleniumHQ/selenium/wiki/ChromeDriver. The latest version can be downloaded from http://chromedriver.storage.googleapis.com/index.html
	at com.google.common.base.Preconditions.checkState(Preconditions.java:847)
	at org.openqa.selenium.remote.service.DriverService.findExecutable(DriverService.java:134)
	at org.openqa.selenium.chrome.ChromeDriverService.access$000(ChromeDriverService.java:35)
	at org.openqa.selenium.chrome.ChromeDriverService$Builder.findDefaultExecutable(ChromeDriverService.java:159)
	at org.openqa.selenium.remote.service.DriverService$Builder.build(DriverService.java:355)
	at org.openqa.selenium.chrome.ChromeDriverService.createDefaultService(ChromeDriverService.java:94)
	at org.openqa.selenium.chrome.ChromeDriver.&lt;init&gt;(ChromeDriver.java:123)
	at com.atcost.Base.BaseTest.inbokebrowser(BaseTest.java:38)
	at com.atcost.Testcase.QuestionTest.first(QuestionTest.java:27)
</failure>
  </testcase>
  <testcase classname="com.atcost.Testcase.QuestionTest" name="Question3" time="0">
    <skipped/>
  </testcase>
  <testcase classname="com.atcost.Testcase.QuestionTest" name="close" time="0.001">
    <skipped/>
  </testcase>
  <testcase classname="com.atcost.Testcase.QuestionTest" name="first" time="0.002">
    <skipped/>
  </testcase>
  <testcase classname="com.atcost.Testcase.QuestionTest" name="Question4" time="0">
    <skipped/>
  </testcase>
  <testcase classname="com.atcost.Testcase.QuestionTest" name="close" time="0.001">
    <skipped/>
  </testcase>
  <testcase classname="com.atcost.Testcase.QuestionTest" name="first" time="0.002">
    <skipped/>
  </testcase>
  <testcase classname="com.atcost.Testcase.QuestionTest" name="Question6" time="0">
    <skipped/>
  </testcase>
  <testcase classname="com.atcost.Testcase.QuestionTest" name="close" time="0.001">
    <skipped/>
  </testcase>
</testsuite>